2025-08-26 17:42:26,028 - INFO - Найдено объявлений: 7
2025-08-26 17:42:26,029 - INFO - Пропускаем Yaris: 5cafca8a0113455f9240aa833bca520e
2025-08-26 17:42:26,598 - INFO - Отправлено фото в Telegram - HTTP 200
2025-08-26 17:42:26,599 - INFO - Отправлено новое объявление: Toyota Auris Touring Sports Hybrid (4876a949-8028-4b3a-bb4e-b87ee51d38e6)
2025-08-26 17:42:26,732 - INFO - Отправлено фото в Telegram - HTTP 200
2025-08-26 17:42:26,732 - INFO - Отправлено новое объявление: None (f0ab78943f6b415dbabab2fcfc61c572)
2025-08-26 17:42:26,870 - INFO - Отправлено фото в Telegram - HTTP 200
2025-08-26 17:42:26,870 - INFO - Отправлено новое объявление: Toyota Prius Hybrid (593bd891-91ae-479c-b354-dd4087752e3b)
2025-08-26 17:42:26,870 - INFO - Пропускаем Yaris: c72b91621a8d45fc9da2c5eff68d3f10
2025-08-26 17:42:26,995 - INFO - Отправлено фото в Telegram - HTTP 200
2025-08-26 17:42:26,995 - INFO - Отправлено новое объявление: None (5ee5275b0ba84f57806551d68a5127a3)
2025-08-26 17:42:26,995 - INFO - Пропускаем Yaris: ee9c4537897847c289d65865cb2d166c
2025-08-26 17:42:26,995 - INFO - Сохранили 4 новых ID в /home/runner/work/Bot_TEST_T/Bot_TEST_T/sent_links.txt
2025-08-26 17:43:34,355 - INFO - Найдено объявлений: 7
2025-08-26 17:43:34,355 - INFO - Пропускаем Yaris: 5cafca8a0113455f9240aa833bca520e
2025-08-26 17:43:34,355 - INFO - Уже отправлено: Toyota Auris Touring Sports Hybrid (4876a949-8028-4b3a-bb4e-b87ee51d38e6)
2025-08-26 17:43:34,355 - INFO - Уже отправлено: None (f0ab78943f6b415dbabab2fcfc61c572)
2025-08-26 17:43:34,355 - INFO - Уже отправлено: Toyota Prius Hybrid (593bd891-91ae-479c-b354-dd4087752e3b)
2025-08-26 17:43:34,356 - INFO - Пропускаем Yaris: c72b91621a8d45fc9da2c5eff68d3f10
2025-08-26 17:43:34,356 - INFO - Уже отправлено: None (5ee5275b0ba84f57806551d68a5127a3)
2025-08-26 17:43:34,356 - INFO - Пропускаем Yaris: ee9c4537897847c289d65865cb2d166c
2025-08-26 17:43:34,758 - INFO - Отправлено сообщение в Telegram - HTTP 200
2025-08-26 17:50:07,665 - INFO - Найдено объявлений: 7
2025-08-26 17:50:07,665 - INFO - Пропускаем Yaris: 5cafca8a0113455f9240aa833bca520e
2025-08-26 17:50:08,055 - INFO - Отправлено фото в Telegram - HTTP 200
2025-08-26 17:50:08,056 - INFO - Отправлено новое объявление: Toyota Auris Touring Sports Hybrid (4876a949-8028-4b3a-bb4e-b87ee51d38e6)
2025-08-26 17:50:08,216 - INFO - Отправлено фото в Telegram - HTTP 200
2025-08-26 17:50:08,216 - INFO - Отправлено новое объявление: None (f0ab78943f6b415dbabab2fcfc61c572)
2025-08-26 17:50:08,367 - INFO - Отправлено фото в Telegram - HTTP 200
2025-08-26 17:50:08,367 - INFO - Отправлено новое объявление: Toyota Prius Hybrid (593bd891-91ae-479c-b354-dd4087752e3b)
2025-08-26 17:50:08,367 - INFO - Пропускаем Yaris: c72b91621a8d45fc9da2c5eff68d3f10
2025-08-26 17:50:08,510 - INFO - Отправлено фото в Telegram - HTTP 200
2025-08-26 17:50:08,510 - INFO - Отправлено новое объявление: None (5ee5275b0ba84f57806551d68a5127a3)
2025-08-26 17:50:08,510 - INFO - Пропускаем Yaris: ee9c4537897847c289d65865cb2d166c
2025-08-26 17:50:08,510 - INFO - Сохранили 4 новых ID в /home/runner/work/Bot_TEST_T/Bot_TEST_T/sent_links.txt
2025-08-26 21:07:49,292 - INFO - Найдено объявлений: 7
2025-08-26 21:07:49,292 - INFO - Пропускаем Yaris: 5cafca8a0113455f9240aa833bca520e
2025-08-26 21:07:49,292 - INFO - Уже отправлено: Toyota Auris Touring Sports Hybrid (4876a949-8028-4b3a-bb4e-b87ee51d38e6)
2025-08-26 21:07:49,292 - INFO - Уже отправлено: None (f0ab78943f6b415dbabab2fcfc61c572)
2025-08-26 21:07:49,292 - INFO - Уже отправлено: Toyota Prius Hybrid (593bd891-91ae-479c-b354-dd4087752e3b)
2025-08-26 21:07:49,292 - INFO - Пропускаем Yaris: c72b91621a8d45fc9da2c5eff68d3f10
2025-08-26 21:07:49,292 - INFO - Уже отправлено: None (5ee5275b0ba84f57806551d68a5127a3)
2025-08-26 21:07:49,292 - INFO - Пропускаем Yaris: ee9c4537897847c289d65865cb2d166c
2025-08-26 21:07:49,795 - INFO - Отправлено сообщение в Telegram - HTTP 200
2025-08-27 00:42:52,581 - INFO - Найдено объявлений: 7
2025-08-27 00:42:52,581 - INFO - Пропускаем Yaris: 5cafca8a0113455f9240aa833bca520e
2025-08-27 00:42:52,581 - INFO - Уже отправлено: Toyota Auris Touring Sports Hybrid (4876a949-8028-4b3a-bb4e-b87ee51d38e6)
2025-08-27 00:42:52,581 - INFO - Уже отправлено: None (f0ab78943f6b415dbabab2fcfc61c572)
2025-08-27 00:42:52,581 - INFO - Уже отправлено: Toyota Prius Hybrid (593bd891-91ae-479c-b354-dd4087752e3b)
2025-08-27 00:42:52,581 - INFO - Пропускаем Yaris: c72b91621a8d45fc9da2c5eff68d3f10
2025-08-27 00:42:52,581 - INFO - Уже отправлено: None (5ee5275b0ba84f57806551d68a5127a3)
2025-08-27 00:42:52,582 - INFO - Пропускаем Yaris: ee9c4537897847c289d65865cb2d166c
2025-08-27 00:42:53,187 - INFO - Отправлено сообщение в Telegram - HTTP 200
2025-08-27 07:09:29,262 - INFO - Найдено объявлений: 7
2025-08-27 07:09:29,262 - INFO - Пропускаем Yaris: 5cafca8a0113455f9240aa833bca520e
2025-08-27 07:09:29,262 - INFO - Уже отправлено: Toyota Auris Touring Sports Hybrid (4876a949-8028-4b3a-bb4e-b87ee51d38e6)
2025-08-27 07:09:29,262 - INFO - Уже отправлено: None (f0ab78943f6b415dbabab2fcfc61c572)
2025-08-27 07:09:29,262 - INFO - Уже отправлено: Toyota Prius Hybrid (593bd891-91ae-479c-b354-dd4087752e3b)
2025-08-27 07:09:29,262 - INFO - Пропускаем Yaris: c72b91621a8d45fc9da2c5eff68d3f10
2025-08-27 07:09:29,263 - INFO - Уже отправлено: None (5ee5275b0ba84f57806551d68a5127a3)
2025-08-27 07:09:29,263 - INFO - Пропускаем Yaris: ee9c4537897847c289d65865cb2d166c
2025-08-27 07:09:29,671 - INFO - Отправлено сообщение в Telegram - HTTP 200
2025-08-27 14:09:00,999 - INFO - Найдено объявлений: 7
2025-08-27 14:09:00,999 - INFO - Уже отправлено: Toyota Auris Touring Sports Hybrid (4876a949-8028-4b3a-bb4e-b87ee51d38e6)
2025-08-27 14:09:00,999 - INFO - Уже отправлено: None (f0ab78943f6b415dbabab2fcfc61c572)
2025-08-27 14:09:00,999 - INFO - Уже отправлено: Toyota Prius Hybrid (593bd891-91ae-479c-b354-dd4087752e3b)
2025-08-27 14:09:00,999 - INFO - Пропускаем Yaris: c72b91621a8d45fc9da2c5eff68d3f10
2025-08-27 14:09:00,999 - INFO - Уже отправлено: None (5ee5275b0ba84f57806551d68a5127a3)
2025-08-27 14:09:02,221 - INFO - Отправлено фото в Telegram - HTTP 200
2025-08-27 14:09:02,221 - INFO - Отправлено новое объявление: None (5895463c45114c1eb74920e3e93b9a90)
2025-08-27 14:09:02,221 - INFO - Пропускаем Yaris: ee9c4537897847c289d65865cb2d166c
2025-08-27 14:09:02,222 - INFO - Сохранили 1 новых ID в /home/runner/work/Bot_TEST_T/Bot_TEST_T/sent_links.txt
2025-08-27 21:08:12,342 - INFO - Найдено объявлений: 7
2025-08-27 21:08:12,342 - INFO - Уже отправлено: Toyota Auris Touring Sports Hybrid (4876a949-8028-4b3a-bb4e-b87ee51d38e6)
2025-08-27 21:08:12,342 - INFO - Уже отправлено: None (f0ab78943f6b415dbabab2fcfc61c572)
2025-08-27 21:08:12,342 - INFO - Уже отправлено: Toyota Prius Hybrid (593bd891-91ae-479c-b354-dd4087752e3b)
2025-08-27 21:08:12,342 - INFO - Пропускаем Yaris: c72b91621a8d45fc9da2c5eff68d3f10
2025-08-27 21:08:12,342 - INFO - Уже отправлено: None (5ee5275b0ba84f57806551d68a5127a3)
2025-08-27 21:08:12,342 - INFO - Уже отправлено: None (5895463c45114c1eb74920e3e93b9a90)
2025-08-27 21:08:12,342 - INFO - Пропускаем Yaris: ee9c4537897847c289d65865cb2d166c
2025-08-27 21:08:12,702 - INFO - Отправлено сообщение в Telegram - HTTP 200
2025-08-28 00:42:31,807 - INFO - Найдено объявлений: 7
2025-08-28 00:42:31,807 - INFO - Уже отправлено: Toyota Auris Touring Sports Hybrid (4876a949-8028-4b3a-bb4e-b87ee51d38e6)
2025-08-28 00:42:31,807 - INFO - Уже отправлено: None (f0ab78943f6b415dbabab2fcfc61c572)
2025-08-28 00:42:31,808 - INFO - Уже отправлено: Toyota Prius Hybrid (593bd891-91ae-479c-b354-dd4087752e3b)
2025-08-28 00:42:31,808 - INFO - Пропускаем Yaris: c72b91621a8d45fc9da2c5eff68d3f10
2025-08-28 00:42:31,808 - INFO - Уже отправлено: None (5ee5275b0ba84f57806551d68a5127a3)
2025-08-28 00:42:31,808 - INFO - Уже отправлено: None (5895463c45114c1eb74920e3e93b9a90)
2025-08-28 00:42:31,808 - INFO - Пропускаем Yaris: ee9c4537897847c289d65865cb2d166c
2025-08-28 00:42:32,249 - INFO - Отправлено сообщение в Telegram - HTTP 200
2025-08-28 07:09:39,346 - INFO - Найдено объявлений: 7
2025-08-28 07:09:39,346 - INFO - Уже отправлено: Toyota Auris Touring Sports Hybrid (4876a949-8028-4b3a-bb4e-b87ee51d38e6)
2025-08-28 07:09:39,346 - INFO - Уже отправлено: None (f0ab78943f6b415dbabab2fcfc61c572)
2025-08-28 07:09:39,347 - INFO - Уже отправлено: Toyota Prius Hybrid (593bd891-91ae-479c-b354-dd4087752e3b)
2025-08-28 07:09:39,347 - INFO - Пропускаем Yaris: c72b91621a8d45fc9da2c5eff68d3f10
2025-08-28 07:09:39,347 - INFO - Уже отправлено: None (5ee5275b0ba84f57806551d68a5127a3)
2025-08-28 07:09:39,347 - INFO - Уже отправлено: None (5895463c45114c1eb74920e3e93b9a90)
2025-08-28 07:09:39,347 - INFO - Пропускаем Yaris: ee9c4537897847c289d65865cb2d166c
2025-08-28 07:09:39,919 - INFO - Отправлено сообщение в Telegram - HTTP 200
2025-08-28 14:09:22,636 - INFO - Найдено объявлений: 7
2025-08-28 14:09:22,636 - INFO - Уже отправлено: Toyota Auris Touring Sports Hybrid (4876a949-8028-4b3a-bb4e-b87ee51d38e6)
2025-08-28 14:09:22,636 - INFO - Уже отправлено: None (f0ab78943f6b415dbabab2fcfc61c572)
2025-08-28 14:09:22,636 - INFO - Уже отправлено: Toyota Prius Hybrid (593bd891-91ae-479c-b354-dd4087752e3b)
2025-08-28 14:09:22,636 - INFO - Пропускаем Yaris: c72b91621a8d45fc9da2c5eff68d3f10
2025-08-28 14:09:22,636 - INFO - Уже отправлено: None (5ee5275b0ba84f57806551d68a5127a3)
2025-08-28 14:09:22,636 - INFO - Уже отправлено: None (5895463c45114c1eb74920e3e93b9a90)
2025-08-28 14:09:22,636 - INFO - Пропускаем Yaris: ee9c4537897847c289d65865cb2d166c
2025-08-28 14:09:23,009 - INFO - Отправлено сообщение в Telegram - HTTP 200
2025-08-28 21:08:28,646 - INFO - Найдено объявлений: 7
2025-08-28 21:08:28,646 - INFO - Уже отправлено: Toyota Auris Touring Sports Hybrid (4876a949-8028-4b3a-bb4e-b87ee51d38e6)
2025-08-28 21:08:28,646 - INFO - Уже отправлено: None (f0ab78943f6b415dbabab2fcfc61c572)
2025-08-28 21:08:28,646 - INFO - Уже отправлено: Toyota Prius Hybrid (593bd891-91ae-479c-b354-dd4087752e3b)
2025-08-28 21:08:28,646 - INFO - Пропускаем Yaris: c72b91621a8d45fc9da2c5eff68d3f10
2025-08-28 21:08:28,646 - INFO - Уже отправлено: None (5ee5275b0ba84f57806551d68a5127a3)
2025-08-28 21:08:28,646 - INFO - Уже отправлено: None (5895463c45114c1eb74920e3e93b9a90)
2025-08-28 21:08:28,646 - INFO - Пропускаем Yaris: ee9c4537897847c289d65865cb2d166c
2025-08-28 21:08:28,948 - INFO - Отправлено сообщение в Telegram - HTTP 200
